<?xml version="1.0" encoding="UTF-8"?>
<!-- Generated by org.testng.reporters.JUnitReportReporter -->
<testsuite hostname="LAPTOP-9E87S2RP" failures="0" tests="4" name="unit.UnitTesting" time="10.659" errors="0" timestamp="2021-05-18T23:41:11 CST" skipped="0">
  <testcase classname="unit.UnitTesting" name="get" time="1.173"/>
  <system-out/>
  <testcase classname="unit.UnitTesting" name="post" time="2.869"/>
  <system-out/>
  <testcase classname="unit.UnitTesting" name="delete" time="4.798"/>
  <system-out/>
  <testcase classname="unit.UnitTesting" name="put" time="1.819"/>
  <system-out/>
</testsuite> <!-- unit.UnitTesting -->
